{"level":"info","message":"Server running on port 3001","timestamp":"2024-10-24T21:14:04.966Z"}
{"email":"your-real-email@gmail.com","level":"info","message":"Quote submitted successfully","timestamp":"2024-10-24T21:14:14.858Z"}
{"email":"darkhero5656@gmail.com","level":"info","message":"Quote submitted successfully","timestamp":"2024-10-24T21:19:13.919Z"}
{"email":"darkhero5656@gmail.com","level":"info","message":"Quote submitted successfully","timestamp":"2024-10-24T21:43:45.999Z"}
{"email":"darkhero5656@gmail.com","level":"info","message":"Quote submitted successfully","timestamp":"2024-10-24T21:59:34.203Z"}
{"email":"darkhero5656@gmail.com","level":"info","message":"Quote submitted successfully","timestamp":"2024-10-24T22:48:17.679Z"}
{"level":"info","message":"Server running on port 3001","timestamp":"2024-10-24T22:57:30.237Z"}
{"email":"darkhero5656@gmail.com","level":"info","message":"Quote submitted successfully","timestamp":"2024-10-24T22:57:53.020Z"}
{"level":"info","message":"Server running on port 3001","timestamp":"2024-10-26T23:13:04.231Z"}
{"email":"darkhero5656@gmail.com","level":"info","message":"Quote submitted successfully","timestamp":"2024-10-26T23:14:17.047Z"}
{"level":"info","message":"Server running on port 3001","timestamp":"2025-01-04T01:27:36.489Z"}
{"email":"amr@gmail.com","level":"info","message":"Guard application submitted successfully","timestamp":"2025-01-04T01:28:10.012Z"}
{"company":"Amr","email":"amregypt101@gmail.com","level":"info","message":"Company request submitted successfully","timestamp":"2025-01-04T01:31:47.910Z"}
{"level":"info","message":"Server running on port 3001","timestamp":"2025-01-04T01:34:15.372Z"}
{"email":"amregypt101@gmail.com","level":"info","message":"Guard application submitted successfully","timestamp":"2025-01-04T01:35:05.062Z"}
{"level":"info","message":"Server running on port 3001","timestamp":"2025-01-17T20:16:48.794Z"}
{"level":"info","message":"Server running on port 3001","timestamp":"2025-01-17T20:17:55.228Z"}
{"level":"info","message":"Server running on port 3001","timestamp":"2025-01-17T22:39:21.232Z"}
{"email":"amr@gmail.com","level":"info","message":"Guard application submitted successfully","timestamp":"2025-01-17T22:44:59.044Z"}
{"level":"info","message":"Server running on port 3001","timestamp":"2025-01-17T23:05:20.878Z"}
{"level":"info","message":"Server running on port 3001","timestamp":"2025-01-24T19:58:02.656Z"}
{"level":"info","message":"Server running on port 3001","timestamp":"2025-01-24T20:03:10.940Z"}
{"level":"info","message":"Server running on port 3001","timestamp":"2025-01-27T03:18:35.189Z"}
{"level":"info","message":"Server running on port 3001","timestamp":"2025-01-27T03:19:24.206Z"}
{"level":"info","message":"Server running on port 3001","timestamp":"2025-01-27T03:22:33.676Z"}
{"level":"info","message":"Server running on port 3001","timestamp":"2025-01-27T03:24:02.903Z"}
{"level":"info","message":"Server running on port 3001","timestamp":"2025-01-27T03:38:37.052Z"}
{"level":"info","message":"Server running on port 3001","timestamp":"2025-01-27T03:40:13.001Z"}
{"error":"createTransporter is not defined","level":"error","message":"Error:","method":"POST","path":"/api/submit-guard","stack":"ReferenceError: createTransporter is not defined\n    at C:\\Users\\Temp\\quote-backend\\server.js:129:29\n    at Layer.handle [as handle_request] (C:\\Users\\Temp\\quote-backend\\node_modules\\express\\lib\\router\\layer.js:95:5)\n    at next (C:\\Users\\Temp\\quote-backend\\node_modules\\express\\lib\\router\\route.js:149:13)\n    at middleware (C:\\Users\\Temp\\quote-backend\\node_modules\\express-validator\\lib\\middlewares\\check.js:16:13)\n    at process.processTicksAndRejections (node:internal/process/task_queues:95:5)","timestamp":"2025-01-27T03:40:14.856Z"}
{"level":"info","message":"Server running on port 3001","timestamp":"2025-01-27T03:44:16.754Z"}
{"email":"amrabdelwahed00@gmail.com","level":"info","message":"Guard application submitted successfully","timestamp":"2025-01-27T03:44:21.406Z"}
{"level":"info","message":"Server running on port 3001","timestamp":"2025-01-27T03:45:03.935Z"}
{"email":"amr@gmail.com","level":"info","message":"Guard application submitted successfully","timestamp":"2025-01-27T03:45:22.476Z"}
